<?xml version="1.0" encoding="UTF-8"?>
<!-- Generated by org.testng.reporters.JUnitReportReporter -->
<testsuite hostname="rafal" name="CRM_Mobile_Tests.ExtendWorkOrderDate" tests="1" failures="0" timestamp="11 Nov 2014 18:21:16 GMT" time="82.457" errors="0">
  <testcase name="ShouldExtendWorkOrder" time="82.457" classname="CRM_Mobile_Tests.ExtendWorkOrderDate"/>
</testsuite> <!-- CRM_Mobile_Tests.ExtendWorkOrderDate -->
