<?xml version="1.0" encoding="UTF-8"?>
<!-- Generated by org.testng.reporters.JUnitReportReporter -->
<testsuite hostname="billing" name="CRM_Mobile_Tests.DisplayMainMenu" tests="3" failures="0" timestamp="22 Sep 2014 11:43:26 GMT" time="29.472" errors="0">
  <testcase name="ShouldDisplayMainMenu" time="7.113" classname="CRM_Mobile_Tests.DisplayMainMenu"/>
  <testcase name="SchouldScrollDownAndDisplayMenuItem" time="9.766" classname="CRM_Mobile_Tests.DisplayMainMenu"/>
  <testcase name="ShouldDisplaySubMenu" time="12.593" classname="CRM_Mobile_Tests.DisplayMainMenu"/>
</testsuite> <!-- CRM_Mobile_Tests.DisplayMainMenu -->
