<?xml version="1.0" encoding="UTF-8"?>
<!-- Generated by org.testng.reporters.JUnitReportReporter -->
<testsuite hostname="billing" name="CRM_Mobile_Tests.ExtendWorkOrderDate" tests="1" failures="0" timestamp="24 Sep 2014 17:57:53 GMT" time="76.048" errors="0">
  <testcase name="ShouldExtendWorkOrder" time="76.048" classname="CRM_Mobile_Tests.ExtendWorkOrderDate"/>
</testsuite> <!-- CRM_Mobile_Tests.ExtendWorkOrderDate -->
