<?xml version="1.0" encoding="UTF-8"?>
<!-- Generated by org.testng.reporters.JUnitReportReporter -->
<testsuite hostname="billing" name="CRM_Mobile_Tests.AddPhotoToWorkOrder" tests="1" failures="0" timestamp="22 Sep 2014 18:48:04 GMT" time="37.412" errors="0">
  <testcase name="Test" time="37.412" classname="CRM_Mobile_Tests.AddPhotoToWorkOrder"/>
</testsuite> <!-- CRM_Mobile_Tests.AddPhotoToWorkOrder -->
