<?xml version="1.0" encoding="UTF-8"?>
<!-- Generated by org.testng.reporters.JUnitReportReporter -->
<testsuite hostname="rafal" name="CRM_Mobile_Tests.DisplayWorkOrderDetails" tests="3" failures="0" timestamp="11 Nov 2014 18:54:11 GMT" time="18.922" errors="0">
  <testcase name="ShouldDisplayAllItemInSubMenu" time="6.647" classname="CRM_Mobile_Tests.DisplayWorkOrderDetails"/>
  <testcase name="SchouldCheckStatusAllButtonsInPage" time="10.567" classname="CRM_Mobile_Tests.DisplayWorkOrderDetails"/>
  <testcase name="ShouldDisplayProperWoDetalis" time="1.708" classname="CRM_Mobile_Tests.DisplayWorkOrderDetails"/>
</testsuite> <!-- CRM_Mobile_Tests.DisplayWorkOrderDetails -->
