<?xml version="1.0" encoding="UTF-8"?>
<!-- Generated by org.testng.reporters.JUnitReportReporter -->
<testsuite hostname="billing" name="CRM_Mobile_Tests.AddReceiptsToWorkOrder" tests="1" failures="0" timestamp="30 Sep 2014 17:16:43 GMT" time="53.986" errors="0">
  <testcase name="AddPurchaseOrdersToReceipts" time="53.986" classname="CRM_Mobile_Tests.AddReceiptsToWorkOrder"/>
</testsuite> <!-- CRM_Mobile_Tests.AddReceiptsToWorkOrder -->
