<?xml version="1.0" encoding="UTF-8"?>
<!-- Generated by org.testng.reporters.JUnitReportReporter -->
<testsuite hostname="rafal" name="CRM_Mobile_Tests.DisplayInformationPage" tests="1" failures="0" timestamp="10 Nov 2014 18:29:07 GMT" time="25.583" errors="0">
  <testcase name="ShouldDisplayInformationPanel" time="25.583" classname="CRM_Mobile_Tests.DisplayInformationPage"/>
</testsuite> <!-- CRM_Mobile_Tests.DisplayInformationPage -->
