<?xml version="1.0" encoding="UTF-8"?>
<!-- Generated by org.testng.reporters.JUnitReportReporter -->
<testsuite hostname="rafal" name="CRM_Mobile_Tests.AddReceiptsToWorkOrder" tests="1" failures="0" timestamp="11 Nov 2014 18:28:46 GMT" time="50.131" errors="0">
  <testcase name="AddPurchaseOrdersToReceipts" time="50.131" classname="CRM_Mobile_Tests.AddReceiptsToWorkOrder"/>
</testsuite> <!-- CRM_Mobile_Tests.AddReceiptsToWorkOrder -->
