<?xml version="1.0" encoding="UTF-8"?>
<!-- Generated by org.testng.reporters.JUnitReportReporter -->
<testsuite hostname="billing" name="CRM_Mobile_Tests.StartStopTimerAndLogTimeInTimeSheet" tests="1" failures="0" timestamp="24 Sep 2014 18:48:55 GMT" time="27.270" errors="0">
  <testcase name="Test" time="27.270" classname="CRM_Mobile_Tests.StartStopTimerAndLogTimeInTimeSheet"/>
</testsuite> <!-- CRM_Mobile_Tests.StartStopTimerAndLogTimeInTimeSheet -->
