<?xml version="1.0" encoding="UTF-8"?>
<!-- Generated by org.testng.reporters.JUnitReportReporter -->
<testsuite hostname="billing" name="CRM_Mobile_Tests.DisplayInformationPage" tests="1" failures="0" timestamp="22 Sep 2014 09:46:06 GMT" time="8.958" errors="0">
  <testcase name="ShouldDisplayInformationPanel" time="8.958" classname="CRM_Mobile_Tests.DisplayInformationPage"/>
</testsuite> <!-- CRM_Mobile_Tests.DisplayInformationPage -->
