<?xml version="1.0" encoding="UTF-8"?>
<!-- Generated by org.testng.reporters.JUnitReportReporter -->
<testsuite hostname="billing" name="CRM_Mobile_Tests.DisplayWorkOrderDetails" tests="3" failures="0" timestamp="18 Sep 2014 18:01:01 GMT" time="45.593" errors="0">
  <testcase name="ShouldDisplayAllItemInSubMenu" time="6.049" classname="CRM_Mobile_Tests.DisplayWorkOrderDetails"/>
  <testcase name="SchouldCheckStatusAllButtonsInPage" time="37.735" classname="CRM_Mobile_Tests.DisplayWorkOrderDetails"/>
  <testcase name="ShouldDisplayProperWoDetalis" time="1.809" classname="CRM_Mobile_Tests.DisplayWorkOrderDetails"/>
</testsuite> <!-- CRM_Mobile_Tests.DisplayWorkOrderDetails -->
