<?xml version="1.0" encoding="UTF-8"?>
<!-- Generated by org.testng.reporters.JUnitReportReporter -->
<testsuite hostname="rafal" name="CRM_Mobile_Tests.AddPhotoToWorkOrder" tests="1" failures="0" timestamp="11 Nov 2014 18:25:46 GMT" time="41.682" errors="0">
  <testcase name="Test" time="41.682" classname="CRM_Mobile_Tests.AddPhotoToWorkOrder"/>
</testsuite> <!-- CRM_Mobile_Tests.AddPhotoToWorkOrder -->
