<?xml version="1.0" encoding="UTF-8"?>
<!-- Generated by org.testng.reporters.JUnitReportReporter -->
<testsuite hostname="billing" name="CRM_Mobile_Tests.Test22" tests="1" failures="0" timestamp="29 Sep 2014 16:44:25 GMT" time="0.005" errors="0">
  <testcase name="Testaa" time="0.005" classname="CRM_Mobile_Tests.Test22"/>
</testsuite> <!-- CRM_Mobile_Tests.Test22 -->
