<?xml version="1.0" encoding="UTF-8"?>
<!-- Generated by org.testng.reporters.JUnitReportReporter -->
<testsuite hostname="billing" name="CRM_Mobile_Tests.DisplayWorkOrderList" tests="3" failures="0" timestamp="18 Sep 2014 18:01:01 GMT" time="18.390" errors="0">
  <testcase name="ShouldDisplayAllItemInSubMenu" time="10.916" classname="CRM_Mobile_Tests.DisplayWorkOrderList"/>
  <testcase name="ShouldDisplayCorrectContentInWoItem" time="4.798" classname="CRM_Mobile_Tests.DisplayWorkOrderList"/>
  <testcase name="ShouldDisplayAnyElmentInList" time="2.676" classname="CRM_Mobile_Tests.DisplayWorkOrderList"/>
</testsuite> <!-- CRM_Mobile_Tests.DisplayWorkOrderList -->
